app/build/intermediates/manifest_merge_blame_file/debug/manifest-merger-blame-debug-report.txt
1<?xml version="1.0" encoding="utf-8"?>
2<manifest xmlns:android="http://schemas.android.com/apk/res/android"
3    package="com.taimoor.stay2night"
4    android:versionCode="1"
5    android:versionName="1.0" >
6
7    <uses-sdk
8        android:minSdkVersion="23"
8-->src\main\AndroidManifest.xml
9        android:targetSdkVersion="30" />
9-->src\main\AndroidManifest.xml
10
11    <!--
12         The ACCESS_COARSE/FINE_LOCATION permissions are not required to use
13         Google Maps Android API v2, but you must specify either coarse or fine
14         location permissions for the "MyLocation" functionality.
15    -->
16    <uses-permission android:name="android.permission.ACCESS_FINE_LOCATION" />
16-->src\main\AndroidManifest.xml:10:5-79
16-->src\main\AndroidManifest.xml:10:22-76
17
18    <!--
19         The ACCESS_COARSE/FINE_LOCATION permissions are not required to use
20         Google Maps Android API v2, but you must specify either coarse or fine
21         location permissions for the "MyLocation" functionality.
22    -->
23    <uses-permission android:name="android.permission.ACCESS_COARSE_LOCATION" />
23-->src\main\AndroidManifest.xml:17:5-81
23-->src\main\AndroidManifest.xml:17:22-78
24    <uses-permission android:name="android.permission.READ_EXTERNAL_STORAGE" />
24-->src\main\AndroidManifest.xml:18:5-80
24-->src\main\AndroidManifest.xml:18:22-77
25    <uses-permission android:name="android.permission.INTERNET" />
25-->src\main\AndroidManifest.xml:19:5-67
25-->src\main\AndroidManifest.xml:19:22-64
26
27    <!-- Although the *SdkVersion is captured in gradle build files, this is required for non gradle builds -->
28    <!-- <uses-sdk android:minSdkVersion="14"/> -->
29    <uses-permission android:name="android.permission.ACCESS_NETWORK_STATE" />
29-->[com.google.firebase:firebase-storage:20.0.0] AndroidManifest.xml:26:5-79
29-->[com.google.firebase:firebase-storage:20.0.0] AndroidManifest.xml:26:22-76
30
31    <uses-feature
31-->[com.google.android.gms:play-services-maps:17.0.1] AndroidManifest.xml:26:5-28:35
32        android:glEsVersion="0x00020000"
32-->[com.google.android.gms:play-services-maps:17.0.1] AndroidManifest.xml:27:9-41
33        android:required="true" />
33-->[com.google.android.gms:play-services-maps:17.0.1] AndroidManifest.xml:28:9-32
34
35    <queries>
35-->[com.google.android.gms:play-services-maps:17.0.1] AndroidManifest.xml:30:5-34:15
36
37        <!-- Needs to be explicitly declared on Android R+ -->
38        <package android:name="com.google.android.apps.maps" />
38-->[com.google.android.gms:play-services-maps:17.0.1] AndroidManifest.xml:33:9-64
38-->[com.google.android.gms:play-services-maps:17.0.1] AndroidManifest.xml:33:18-61
39    </queries>
40
41    <uses-permission android:name="com.google.android.finsky.permission.BIND_GET_INSTALL_REFERRER_SERVICE" />
41-->[com.android.installreferrer:installreferrer:1.0] AndroidManifest.xml:9:5-110
41-->[com.android.installreferrer:installreferrer:1.0] AndroidManifest.xml:9:22-107
42
43    <application
43-->src\main\AndroidManifest.xml:21:5-88:19
44        android:allowBackup="true"
44-->src\main\AndroidManifest.xml:22:9-35
45        android:appComponentFactory="androidx.core.app.CoreComponentFactory"
45-->[androidx.core:core:1.5.0] AndroidManifest.xml:24:18-86
46        android:debuggable="true"
47        android:extractNativeLibs="false"
48        android:icon="@drawable/logo"
48-->src\main\AndroidManifest.xml:23:9-38
49        android:label="@string/app_name"
49-->src\main\AndroidManifest.xml:24:9-41
50        android:roundIcon="@drawable/logo"
50-->src\main\AndroidManifest.xml:25:9-43
51        android:supportsRtl="true"
51-->src\main\AndroidManifest.xml:26:9-35
52        android:theme="@style/AppTheme" >
52-->src\main\AndroidManifest.xml:27:9-40
53
54        <!--
55             The API key for Google Maps-based APIs is defined as a string resource.
56             (See the file "res/values/google_maps_api.xml").
57             Note that the API key is linked to the encryption key used to sign the APK.
58             You need a different API key for each encryption key, including the release key that is used to
59             sign the APK for publishing.
60             You can define the keys for the debug and release targets in src/debug/ and src/release/.
61        -->
62        <meta-data
62-->src\main\AndroidManifest.xml:37:9-39:55
63            android:name="com.google.android.geo.API_KEY"
63-->src\main\AndroidManifest.xml:38:13-58
64            android:value="@string/google_maps_key" />
64-->src\main\AndroidManifest.xml:39:13-52
65
66        <activity
66-->src\main\AndroidManifest.xml:41:9-43:73
67            android:name="com.taimoor.stay2night.User.RoomsMapLocation"
67-->src\main\AndroidManifest.xml:42:13-50
68            android:label="@string/title_activity_rooms_map_location" />
68-->src\main\AndroidManifest.xml:43:13-70
69        <activity
69-->src\main\AndroidManifest.xml:44:9-46:66
70            android:name="com.taimoor.stay2night.User.GoogleMaps"
70-->src\main\AndroidManifest.xml:45:13-44
71            android:label="@string/title_activity_google_maps" />
71-->src\main\AndroidManifest.xml:46:13-63
72        <activity android:name="com.taimoor.stay2night.User.ListRoom" />
72-->src\main\AndroidManifest.xml:47:9-51
72-->src\main\AndroidManifest.xml:47:19-48
73        <activity android:name="com.taimoor.stay2night.User.RoomDetailView" />
73-->src\main\AndroidManifest.xml:48:9-57
73-->src\main\AndroidManifest.xml:48:19-54
74        <activity android:name="com.taimoor.stay2night.User.Profile" />
74-->src\main\AndroidManifest.xml:49:9-50
74-->src\main\AndroidManifest.xml:49:19-47
75        <activity android:name="com.taimoor.stay2night.LocationOwner.Retailerdashboard" />
75-->src\main\AndroidManifest.xml:50:9-69
75-->src\main\AndroidManifest.xml:50:19-66
76        <activity android:name="com.taimoor.stay2night.Common.LoginSignup.ForgetPasswordSuccessMsg" />
76-->src\main\AndroidManifest.xml:51:9-81
76-->src\main\AndroidManifest.xml:51:19-78
77        <activity android:name="com.taimoor.stay2night.Common.LoginSignup.SetNewPassword" />
77-->src\main\AndroidManifest.xml:52:9-71
77-->src\main\AndroidManifest.xml:52:19-68
78        <activity android:name="com.taimoor.stay2night.Common.LoginSignup.MakeSelection" />
78-->src\main\AndroidManifest.xml:53:9-70
78-->src\main\AndroidManifest.xml:53:19-67
79        <activity android:name="com.taimoor.stay2night.Common.LoginSignup.ForgetPssword" />
79-->src\main\AndroidManifest.xml:54:9-70
79-->src\main\AndroidManifest.xml:54:19-67
80        <activity android:name="com.taimoor.stay2night.Common.LoginSignup.VerifyOTP" />
80-->src\main\AndroidManifest.xml:55:9-66
80-->src\main\AndroidManifest.xml:55:19-63
81        <activity android:name="com.taimoor.stay2night.Common.LoginSignup.Signup3rdClass" />
81-->src\main\AndroidManifest.xml:56:9-71
81-->src\main\AndroidManifest.xml:56:19-68
82        <activity android:name="com.taimoor.stay2night.Common.LoginSignup.Signup2ndClass" />
82-->src\main\AndroidManifest.xml:57:9-71
82-->src\main\AndroidManifest.xml:57:19-68
83        <activity android:name="com.taimoor.stay2night.Common.LoginSignup.SignUp" />
83-->src\main\AndroidManifest.xml:58:9-63
83-->src\main\AndroidManifest.xml:58:19-60
84        <activity android:name="com.taimoor.stay2night.Common.LoginSignup.Login" />
84-->src\main\AndroidManifest.xml:59:9-62
84-->src\main\AndroidManifest.xml:59:19-59
85        <activity android:name="com.taimoor.stay2night.Common.LoginSignup.RetailerStartupScreen" />
85-->src\main\AndroidManifest.xml:60:9-78
85-->src\main\AndroidManifest.xml:60:19-75
86        <activity android:name="com.taimoor.stay2night.User.AllCategories" />
86-->src\main\AndroidManifest.xml:61:9-56
86-->src\main\AndroidManifest.xml:61:19-53
87        <activity android:name="com.taimoor.stay2night.Common.OnBoarding" />
87-->src\main\AndroidManifest.xml:62:9-55
87-->src\main\AndroidManifest.xml:62:19-52
88        <activity android:name="com.taimoor.stay2night.User.UserDashboard" />
88-->src\main\AndroidManifest.xml:63:9-56
88-->src\main\AndroidManifest.xml:63:19-53
89        <activity android:name="com.taimoor.stay2night.Common.SplashScreen" >
89-->src\main\AndroidManifest.xml:64:9-70:20
89-->src\main\AndroidManifest.xml:64:19-54
90            <intent-filter>
90-->src\main\AndroidManifest.xml:65:13-69:29
91                <action android:name="android.intent.action.MAIN" />
91-->src\main\AndroidManifest.xml:66:17-69
91-->src\main\AndroidManifest.xml:66:25-66
92
93                <category android:name="android.intent.category.LAUNCHER" />
93-->src\main\AndroidManifest.xml:68:17-77
93-->src\main\AndroidManifest.xml:68:27-74
94            </intent-filter>
95        </activity>
96
97        <meta-data
97-->src\main\AndroidManifest.xml:72:9-73:54
98            android:name="com.facebook.sdk.ApplicationId"
98-->src\main\AndroidManifest.xml:72:20-65
99            android:value="@string/facebook_app_id" />
99-->src\main\AndroidManifest.xml:73:13-52
100        <meta-data
100-->src\main\AndroidManifest.xml:75:9-77:69
101            android:name="com.google.android.gms.version"
101-->src\main\AndroidManifest.xml:76:13-58
102            android:value="@integer/google_play_services_version" />
102-->src\main\AndroidManifest.xml:77:13-66
103
104        <uses-library
104-->src\main\AndroidManifest.xml:79:9-81:40
105            android:name="org.apache.http.legacy"
105-->src\main\AndroidManifest.xml:80:13-50
106            android:required="false" />
106-->src\main\AndroidManifest.xml:81:13-37
107
108        <meta-data
108-->src\main\AndroidManifest.xml:83:9-85:57
109            android:name="preloaded_fonts"
109-->src\main\AndroidManifest.xml:84:13-43
110            android:resource="@array/preloaded_fonts" />
110-->src\main\AndroidManifest.xml:85:13-54
111
112        <activity
112-->[com.karumi:dexter:6.2.3] AndroidManifest.xml:27:9-29:72
113            android:name="com.karumi.dexter.DexterActivity"
113-->[com.karumi:dexter:6.2.3] AndroidManifest.xml:28:13-60
114            android:theme="@style/Dexter.Internal.Theme.Transparent" />
114-->[com.karumi:dexter:6.2.3] AndroidManifest.xml:29:13-69
115        <activity
115-->[com.facebook.android:facebook-common:5.15.3] AndroidManifest.xml:30:9-33:66
116            android:name="com.facebook.FacebookActivity"
116-->[com.facebook.android:facebook-common:5.15.3] AndroidManifest.xml:31:13-57
117            android:configChanges="keyboard|keyboardHidden|screenLayout|screenSize|orientation"
117-->[com.facebook.android:facebook-common:5.15.3] AndroidManifest.xml:32:13-96
118            android:theme="@style/com_facebook_activity_theme" />
118-->[com.facebook.android:facebook-common:5.15.3] AndroidManifest.xml:33:13-63
119        <activity android:name="com.facebook.CustomTabMainActivity" />
119-->[com.facebook.android:facebook-common:5.15.3] AndroidManifest.xml:34:9-71
119-->[com.facebook.android:facebook-common:5.15.3] AndroidManifest.xml:34:19-68
120        <activity
120-->[com.facebook.android:facebook-common:5.15.3] AndroidManifest.xml:35:9-49:20
121            android:name="com.facebook.CustomTabActivity"
121-->[com.facebook.android:facebook-common:5.15.3] AndroidManifest.xml:36:13-58
122            android:exported="true" >
122-->[com.facebook.android:facebook-common:5.15.3] AndroidManifest.xml:37:13-36
123            <intent-filter>
123-->[com.facebook.android:facebook-common:5.15.3] AndroidManifest.xml:39:13-48:29
124                <action android:name="android.intent.action.VIEW" />
124-->[com.facebook.android:facebook-common:5.15.3] AndroidManifest.xml:40:17-69
124-->[com.facebook.android:facebook-common:5.15.3] AndroidManifest.xml:40:25-66
125
126                <category android:name="android.intent.category.DEFAULT" />
126-->[com.facebook.android:facebook-common:5.15.3] AndroidManifest.xml:42:17-76
126-->[com.facebook.android:facebook-common:5.15.3] AndroidManifest.xml:42:27-73
127                <category android:name="android.intent.category.BROWSABLE" />
127-->[com.facebook.android:facebook-common:5.15.3] AndroidManifest.xml:43:17-78
127-->[com.facebook.android:facebook-common:5.15.3] AndroidManifest.xml:43:27-75
128
129                <data
129-->[com.facebook.android:facebook-common:5.15.3] AndroidManifest.xml:45:17-47:50
130                    android:host="cct.com.taimoor.stay2night"
130-->[com.facebook.android:facebook-common:5.15.3] AndroidManifest.xml:46:21-56
131                    android:scheme="fbconnect" />
131-->[com.facebook.android:facebook-common:5.15.3] AndroidManifest.xml:47:21-47
132            </intent-filter>
133        </activity>
134
135        <service
135-->[com.google.firebase:firebase-storage:20.0.0] AndroidManifest.xml:30:9-36:19
136            android:name="com.google.firebase.components.ComponentDiscoveryService"
136-->[com.google.firebase:firebase-storage:20.0.0] AndroidManifest.xml:31:13-84
137            android:directBootAware="true"
137-->[com.google.firebase:firebase-common:20.0.0] AndroidManifest.xml:35:13-43
138            android:exported="false" >
138-->[com.google.firebase:firebase-storage:20.0.0] AndroidManifest.xml:32:13-37
139            <meta-data
139-->[com.google.firebase:firebase-storage:20.0.0] AndroidManifest.xml:33:13-35:85
140                android:name="com.google.firebase.components:com.google.firebase.storage.StorageRegistrar"
140-->[com.google.firebase:firebase-storage:20.0.0] AndroidManifest.xml:34:17-107
141                android:value="com.google.firebase.components.ComponentRegistrar" />
141-->[com.google.firebase:firebase-storage:20.0.0] AndroidManifest.xml:35:17-82
142            <meta-data
142-->[com.google.firebase:firebase-database:20.0.0] AndroidManifest.xml:32:13-34:85
143                android:name="com.google.firebase.components:com.google.firebase.database.DatabaseRegistrar"
143-->[com.google.firebase:firebase-database:20.0.0] AndroidManifest.xml:33:17-109
144                android:value="com.google.firebase.components.ComponentRegistrar" />
144-->[com.google.firebase:firebase-database:20.0.0] AndroidManifest.xml:34:17-82
145            <meta-data
145-->[com.google.firebase:firebase-auth:21.0.1] AndroidManifest.xml:77:13-79:85
146                android:name="com.google.firebase.components:com.google.firebase.auth.FirebaseAuthRegistrar"
146-->[com.google.firebase:firebase-auth:21.0.1] AndroidManifest.xml:78:17-109
147                android:value="com.google.firebase.components.ComponentRegistrar" />
147-->[com.google.firebase:firebase-auth:21.0.1] AndroidManifest.xml:79:17-82
148        </service>
149
150        <activity
150-->[com.google.firebase:firebase-auth:21.0.1] AndroidManifest.xml:27:9-44:20
151            android:name="com.google.firebase.auth.internal.GenericIdpActivity"
151-->[com.google.firebase:firebase-auth:21.0.1] AndroidManifest.xml:28:13-80
152            android:excludeFromRecents="true"
152-->[com.google.firebase:firebase-auth:21.0.1] AndroidManifest.xml:29:13-46
153            android:exported="true"
153-->[com.google.firebase:firebase-auth:21.0.1] AndroidManifest.xml:30:13-36
154            android:launchMode="singleTask"
154-->[com.google.firebase:firebase-auth:21.0.1] AndroidManifest.xml:31:13-44
155            android:theme="@android:style/Theme.Translucent.NoTitleBar" >
155-->[com.google.firebase:firebase-auth:21.0.1] AndroidManifest.xml:32:13-72
156            <intent-filter>
156-->[com.google.firebase:firebase-auth:21.0.1] AndroidManifest.xml:33:13-43:29
157                <action android:name="android.intent.action.VIEW" />
157-->[com.facebook.android:facebook-common:5.15.3] AndroidManifest.xml:40:17-69
157-->[com.facebook.android:facebook-common:5.15.3] AndroidManifest.xml:40:25-66
158
159                <category android:name="android.intent.category.DEFAULT" />
159-->[com.facebook.android:facebook-common:5.15.3] AndroidManifest.xml:42:17-76
159-->[com.facebook.android:facebook-common:5.15.3] AndroidManifest.xml:42:27-73
160                <category android:name="android.intent.category.BROWSABLE" />
160-->[com.facebook.android:facebook-common:5.15.3] AndroidManifest.xml:43:17-78
160-->[com.facebook.android:facebook-common:5.15.3] AndroidManifest.xml:43:27-75
161
162                <data
162-->[com.facebook.android:facebook-common:5.15.3] AndroidManifest.xml:45:17-47:50
163                    android:host="firebase.auth"
163-->[com.facebook.android:facebook-common:5.15.3] AndroidManifest.xml:46:21-56
164                    android:path="/"
165                    android:scheme="genericidp" />
165-->[com.facebook.android:facebook-common:5.15.3] AndroidManifest.xml:47:21-47
166            </intent-filter>
167        </activity>
168        <activity
168-->[com.google.firebase:firebase-auth:21.0.1] AndroidManifest.xml:45:9-62:20
169            android:name="com.google.firebase.auth.internal.RecaptchaActivity"
169-->[com.google.firebase:firebase-auth:21.0.1] AndroidManifest.xml:46:13-79
170            android:excludeFromRecents="true"
170-->[com.google.firebase:firebase-auth:21.0.1] AndroidManifest.xml:47:13-46
171            android:exported="true"
171-->[com.google.firebase:firebase-auth:21.0.1] AndroidManifest.xml:48:13-36
172            android:launchMode="singleTask"
172-->[com.google.firebase:firebase-auth:21.0.1] AndroidManifest.xml:49:13-44
173            android:theme="@android:style/Theme.Translucent.NoTitleBar" >
173-->[com.google.firebase:firebase-auth:21.0.1] AndroidManifest.xml:50:13-72
174            <intent-filter>
174-->[com.google.firebase:firebase-auth:21.0.1] AndroidManifest.xml:51:13-61:29
175                <action android:name="android.intent.action.VIEW" />
175-->[com.facebook.android:facebook-common:5.15.3] AndroidManifest.xml:40:17-69
175-->[com.facebook.android:facebook-common:5.15.3] AndroidManifest.xml:40:25-66
176
177                <category android:name="android.intent.category.DEFAULT" />
177-->[com.facebook.android:facebook-common:5.15.3] AndroidManifest.xml:42:17-76
177-->[com.facebook.android:facebook-common:5.15.3] AndroidManifest.xml:42:27-73
178                <category android:name="android.intent.category.BROWSABLE" />
178-->[com.facebook.android:facebook-common:5.15.3] AndroidManifest.xml:43:17-78
178-->[com.facebook.android:facebook-common:5.15.3] AndroidManifest.xml:43:27-75
179
180                <data
180-->[com.facebook.android:facebook-common:5.15.3] AndroidManifest.xml:45:17-47:50
181                    android:host="firebase.auth"
181-->[com.facebook.android:facebook-common:5.15.3] AndroidManifest.xml:46:21-56
182                    android:path="/"
183                    android:scheme="recaptcha" />
183-->[com.facebook.android:facebook-common:5.15.3] AndroidManifest.xml:47:21-47
184            </intent-filter>
185        </activity>
186
187        <service
187-->[com.google.firebase:firebase-auth:21.0.1] AndroidManifest.xml:64:9-73:19
188            android:name="com.google.firebase.auth.api.fallback.service.FirebaseAuthFallbackService"
188-->[com.google.firebase:firebase-auth:21.0.1] AndroidManifest.xml:65:13-101
189            android:enabled="true"
189-->[com.google.firebase:firebase-auth:21.0.1] AndroidManifest.xml:66:13-35
190            android:exported="false" >
190-->[com.google.firebase:firebase-auth:21.0.1] AndroidManifest.xml:67:13-37
191            <intent-filter>
191-->[com.google.firebase:firebase-auth:21.0.1] AndroidManifest.xml:68:13-72:29
192                <action android:name="com.google.firebase.auth.api.gms.service.START" />
192-->[com.google.firebase:firebase-auth:21.0.1] AndroidManifest.xml:69:17-89
192-->[com.google.firebase:firebase-auth:21.0.1] AndroidManifest.xml:69:25-86
193
194                <category android:name="android.intent.category.DEFAULT" />
194-->[com.facebook.android:facebook-common:5.15.3] AndroidManifest.xml:42:17-76
194-->[com.facebook.android:facebook-common:5.15.3] AndroidManifest.xml:42:27-73
195            </intent-filter>
196        </service>
197
198        <activity
198-->[com.google.android.gms:play-services-auth:19.0.0] AndroidManifest.xml:23:9-27:75
199            android:name="com.google.android.gms.auth.api.signin.internal.SignInHubActivity"
199-->[com.google.android.gms:play-services-auth:19.0.0] AndroidManifest.xml:24:13-93
200            android:excludeFromRecents="true"
200-->[com.google.android.gms:play-services-auth:19.0.0] AndroidManifest.xml:25:13-46
201            android:exported="false"
201-->[com.google.android.gms:play-services-auth:19.0.0] AndroidManifest.xml:26:13-37
202            android:theme="@android:style/Theme.Translucent.NoTitleBar" />
202-->[com.google.android.gms:play-services-auth:19.0.0] AndroidManifest.xml:27:13-72
203        <!--
204            Service handling Google Sign-In user revocation. For apps that do not integrate with
205            Google Sign-In, this service will never be started.
206        -->
207        <service
207-->[com.google.android.gms:play-services-auth:19.0.0] AndroidManifest.xml:33:9-37:51
208            android:name="com.google.android.gms.auth.api.signin.RevocationBoundService"
208-->[com.google.android.gms:play-services-auth:19.0.0] AndroidManifest.xml:34:13-89
209            android:exported="true"
209-->[com.google.android.gms:play-services-auth:19.0.0] AndroidManifest.xml:35:13-36
210            android:permission="com.google.android.gms.auth.api.signin.permission.REVOCATION_NOTIFICATION"
210-->[com.google.android.gms:play-services-auth:19.0.0] AndroidManifest.xml:36:13-107
211            android:visibleToInstantApps="true" />
211-->[com.google.android.gms:play-services-auth:19.0.0] AndroidManifest.xml:37:13-48
212
213        <provider
213-->[com.google.firebase:firebase-common:20.0.0] AndroidManifest.xml:26:9-31:39
214            android:name="com.google.firebase.provider.FirebaseInitProvider"
214-->[com.google.firebase:firebase-common:20.0.0] AndroidManifest.xml:27:13-77
215            android:authorities="com.taimoor.stay2night.firebaseinitprovider"
215-->[com.google.firebase:firebase-common:20.0.0] AndroidManifest.xml:28:13-72
216            android:directBootAware="true"
216-->[com.google.firebase:firebase-common:20.0.0] AndroidManifest.xml:29:13-43
217            android:exported="false"
217-->[com.google.firebase:firebase-common:20.0.0] AndroidManifest.xml:30:13-37
218            android:initOrder="100" />
218-->[com.google.firebase:firebase-common:20.0.0] AndroidManifest.xml:31:13-36
219
220        <activity
220-->[com.google.android.gms:play-services-base:17.5.0] AndroidManifest.xml:23:9-26:75
221            android:name="com.google.android.gms.common.api.GoogleApiActivity"
221-->[com.google.android.gms:play-services-base:17.5.0] AndroidManifest.xml:24:13-79
222            android:exported="false"
222-->[com.google.android.gms:play-services-base:17.5.0] AndroidManifest.xml:25:13-37
223            android:theme="@android:style/Theme.Translucent.NoTitleBar" />
223-->[com.google.android.gms:play-services-base:17.5.0] AndroidManifest.xml:26:13-72
224        <!--
225         The initialization ContentProvider will call FacebookSdk.sdkInitialize automatically
226         with the application context. This config is merged in with the host app's manifest,
227         but there can only be one provider with the same authority activated at any given
228         point; so if the end user has two or more different apps that use Facebook SDK, only the
229         first one will be able to use the provider. To work around this problem, we use the
230         following placeholder in the authority to identify each host application as if it was
231         a completely different provider.
232        -->
233        <provider
233-->[com.facebook.android:facebook-core:5.15.3] AndroidManifest.xml:39:9-42:40
234            android:name="com.facebook.internal.FacebookInitProvider"
234-->[com.facebook.android:facebook-core:5.15.3] AndroidManifest.xml:40:13-70
235            android:authorities="com.taimoor.stay2night.FacebookInitProvider"
235-->[com.facebook.android:facebook-core:5.15.3] AndroidManifest.xml:41:13-72
236            android:exported="false" />
236-->[com.facebook.android:facebook-core:5.15.3] AndroidManifest.xml:42:13-37
237
238        <receiver
238-->[com.facebook.android:facebook-core:5.15.3] AndroidManifest.xml:44:9-50:20
239            android:name="com.facebook.CurrentAccessTokenExpirationBroadcastReceiver"
239-->[com.facebook.android:facebook-core:5.15.3] AndroidManifest.xml:45:13-86
240            android:exported="false" >
240-->[com.facebook.android:facebook-core:5.15.3] AndroidManifest.xml:46:13-37
241            <intent-filter>
241-->[com.facebook.android:facebook-core:5.15.3] AndroidManifest.xml:47:13-49:29
242                <action android:name="com.facebook.sdk.ACTION_CURRENT_ACCESS_TOKEN_CHANGED" />
242-->[com.facebook.android:facebook-core:5.15.3] AndroidManifest.xml:48:17-95
242-->[com.facebook.android:facebook-core:5.15.3] AndroidManifest.xml:48:25-92
243            </intent-filter>
244        </receiver>
245    </application>
246
247</manifest>